# JRE version: OpenJDK Runtime Environment Temurin-21.0.7+6 (21.0.7+6) (build 21.0.7+6-LTS)
# Java VM: OpenJDK 64-Bit Server VM Temurin-21.0.7+6 (21.0.7+6-LTS, mixed mode, sharing, tiered, compressed oops, compressed class ptrs, parallel gc, windows-amd64)
GC Precious Log:
 CardTable entry size: 512
 CPUs: 4 total, 4 available
 Memory: 8075M
 Large Page Support: Disabled
 NUMA Support: Disabled
 Compressed Oops: Enabled (32-bit)
 Alignments: Space 512K, Generation 512K, Heap 2M
 Heap Min Capacity: 100M
 Heap Initial Capacity: 100M
 Heap Max Capacity: 1G
 Pre-touch: Disabled
 Parallel Workers: 4
Heap:
 PSYoungGen      total 25088K, used 10526K [0x00000000eab00000, 0x00000000ec600000, 0x0000000100000000)
  eden space 22016K, 40% used [0x00000000eab00000,0x00000000eb3cb778,0x00000000ec080000)
  from space 3072K, 49% used [0x00000000ec080000,0x00000000ec1fc440,0x00000000ec380000)
  to   space 2048K, 0% used [0x00000000ec400000,0x00000000ec400000,0x00000000ec600000)
 ParOldGen       total 68608K, used 17603K [0x00000000c0000000, 0x00000000c4300000, 0x00000000eab00000)
  object space 68608K, 25% used [0x00000000c0000000,0x00000000c1130db0,0x00000000c4300000)
 Metaspace       used 38929K, committed 39936K, reserved 1114112K
  class space    used 4027K, committed 4480K, reserved 1048576K
GC Heap History (20 events):
Event: 24.828 GC heap before
{Heap before GC invocations=8 (full 0):
 PSYoungGen      total 29184K, used 18350K [0x00000000eab00000, 0x00000000ecd80000, 0x0000000100000000)
  eden space 24064K, 56% used [0x00000000eab00000,0x00000000eb82a6d0,0x00000000ec280000)
  from space 5120K, 95% used [0x00000000ec480000,0x00000000ec941438,0x00000000ec980000)
  to   space 4096K, 0% used [0x00000000ec980000,0x00000000ec980000,0x00000000ecd80000)
 ParOldGen       total 68608K, used 12263K [0x00000000c0000000, 0x00000000c4300000, 0x00000000eab00000)
  object space 68608K, 17% used [0x00000000c0000000,0x00000000c0bf9fb8,0x00000000c4300000)
 Metaspace       used 20647K, committed 21504K, reserved 1114112K
  class space    used 2078K, committed 2496K, reserved 1048576K
}
Event: 24.835 GC heap after
{Heap after GC invocations=8 (full 0):
 PSYoungGen      total 28160K, used 4086K [0x00000000eab00000, 0x00000000ece80000, 0x0000000100000000)
  eden space 24064K, 0% used [0x00000000eab00000,0x00000000eab00000,0x00000000ec280000)
  from space 4096K, 99% used [0x00000000ec980000,0x00000000ecd7db98,0x00000000ecd80000)
  to   space 6144K, 0% used [0x00000000ec280000,0x00000000ec280000,0x00000000ec880000)
 ParOldGen       total 68608K, used 13727K [0x00000000c0000000, 0x00000000c4300000, 0x00000000eab00000)
  object space 68608K, 20% used [0x00000000c0000000,0x00000000c0d67cd0,0x00000000c4300000)
 Metaspace       used 20647K, committed 21504K, reserved 1114112K
  class space    used 2078K, committed 2496K, reserved 1048576K
}
Event: 24.835 GC heap before
{Heap before GC invocations=9 (full 1):
 PSYoungGen      total 28160K, used 4086K [0x00000000eab00000, 0x00000000ece80000, 0x0000000100000000)
  eden space 24064K, 0% used [0x00000000eab00000,0x00000000eab00000,0x00000000ec280000)
  from space 4096K, 99% used [0x00000000ec980000,0x00000000ecd7db98,0x00000000ecd80000)
  to   space 6144K, 0% used [0x00000000ec280000,0x00000000ec280000,0x00000000ec880000)
 ParOldGen       total 68608K, used 13727K [0x00000000c0000000, 0x00000000c4300000, 0x00000000eab00000)
  object space 68608K, 20% used [0x00000000c0000000,0x00000000c0d67cd0,0x00000000c4300000)
 Metaspace       used 20647K, committed 21504K, reserved 1114112K
  class space    used 2078K, committed 2496K, reserved 1048576K
}
Event: 24.892 GC heap after
{Heap after GC invocations=9 (full 1):
 PSYoungGen      total 28160K, used 0K [0x00000000eab00000, 0x00000000ece80000, 0x0000000100000000)
  eden space 24064K, 0% used [0x00000000eab00000,0x00000000eab00000,0x00000000ec280000)
  from space 4096K, 0% used [0x00000000ec980000,0x00000000ec980000,0x00000000ecd80000)
  to   space 6144K, 0% used [0x00000000ec280000,0x00000000ec280000,0x00000000ec880000)
 ParOldGen       total 68608K, used 13167K [0x00000000c0000000, 0x00000000c4300000, 0x00000000eab00000)
  object space 68608K, 19% used [0x00000000c0000000,0x00000000c0cdbe78,0x00000000c4300000)
 Metaspace       used 20634K, committed 21504K, reserved 1114112K
  class space    used 2074K, committed 2496K, reserved 1048576K
}
Event: 26.497 GC heap before
{Heap before GC invocations=10 (full 1):
 PSYoungGen      total 28160K, used 24064K [0x00000000eab00000, 0x00000000ece80000, 0x0000000100000000)
  eden space 24064K, 100% used [0x00000000eab00000,0x00000000ec280000,0x00000000ec280000)
  from space 4096K, 0% used [0x00000000ec980000,0x00000000ec980000,0x00000000ecd80000)
  to   space 6144K, 0% used [0x00000000ec280000,0x00000000ec280000,0x00000000ec880000)
 ParOldGen       total 68608K, used 13167K [0x00000000c0000000, 0x00000000c4300000, 0x00000000eab00000)
  object space 68608K, 19% used [0x00000000c0000000,0x00000000c0cdbe78,0x00000000c4300000)
 Metaspace       used 22722K, committed 23616K, reserved 1114112K
  class space    used 2302K, committed 2688K, reserved 1048576K
}
Event: 26.501 GC heap after
{Heap after GC invocations=10 (full 1):
 PSYoungGen      total 26112K, used 2134K [0x00000000eab00000, 0x00000000eca00000, 0x0000000100000000)
  eden space 23552K, 0% used [0x00000000eab00000,0x00000000eab00000,0x00000000ec200000)
  from space 2560K, 83% used [0x00000000ec280000,0x00000000ec495aa8,0x00000000ec500000)
  to   space 3584K, 0% used [0x00000000ec680000,0x00000000ec680000,0x00000000eca00000)
 ParOldGen       total 68608K, used 13175K [0x00000000c0000000, 0x00000000c4300000, 0x00000000eab00000)
  object space 68608K, 19% used [0x00000000c0000000,0x00000000c0cdde78,0x00000000c4300000)
 Metaspace       used 22722K, committed 23616K, reserved 1114112K
  class space    used 2302K, committed 2688K, reserved 1048576K
}
Event: 28.307 GC heap before
{Heap before GC invocations=11 (full 1):
 PSYoungGen      total 26112K, used 25686K [0x00000000eab00000, 0x00000000eca00000, 0x0000000100000000)
  eden space 23552K, 100% used [0x00000000eab00000,0x00000000ec200000,0x00000000ec200000)
  from space 2560K, 83% used [0x00000000ec280000,0x00000000ec495aa8,0x00000000ec500000)
  to   space 3584K, 0% used [0x00000000ec680000,0x00000000ec680000,0x00000000eca00000)
 ParOldGen       total 68608K, used 13175K [0x00000000c0000000, 0x00000000c4300000, 0x00000000eab00000)
  object space 68608K, 19% used [0x00000000c0000000,0x00000000c0cdde78,0x00000000c4300000)
 Metaspace       used 26012K, committed 26880K, reserved 1114112K
  class space    used 2622K, committed 3008K, reserved 1048576K
}
Event: 28.310 GC heap after
{Heap after GC invocations=11 (full 1):
 PSYoungGen      total 24064K, used 685K [0x00000000eab00000, 0x00000000ec780000, 0x0000000100000000)
  eden space 23040K, 0% used [0x00000000eab00000,0x00000000eab00000,0x00000000ec180000)
  from space 1024K, 66% used [0x00000000ec680000,0x00000000ec72b670,0x00000000ec780000)
  to   space 1536K, 0% used [0x00000000ec480000,0x00000000ec480000,0x00000000ec600000)
 ParOldGen       total 68608K, used 13183K [0x00000000c0000000, 0x00000000c4300000, 0x00000000eab00000)
  object space 68608K, 19% used [0x00000000c0000000,0x00000000c0cdfe78,0x00000000c4300000)
 Metaspace       used 26012K, committed 26880K, reserved 1114112K
  class space    used 2622K, committed 3008K, reserved 1048576K
}
Event: 30.938 GC heap before
{Heap before GC invocations=12 (full 1):
 PSYoungGen      total 24064K, used 23682K [0x00000000eab00000, 0x00000000ec780000, 0x0000000100000000)
  eden space 23040K, 99% used [0x00000000eab00000,0x00000000ec175240,0x00000000ec180000)
  from space 1024K, 66% used [0x00000000ec680000,0x00000000ec72b670,0x00000000ec780000)
  to   space 1536K, 0% used [0x00000000ec480000,0x00000000ec480000,0x00000000ec600000)
 ParOldGen       total 68608K, used 13247K [0x00000000c0000000, 0x00000000c4300000, 0x00000000eab00000)
  object space 68608K, 19% used [0x00000000c0000000,0x00000000c0cefe88,0x00000000c4300000)
 Metaspace       used 28376K, committed 29248K, reserved 1114112K
  class space    used 2848K, committed 3200K, reserved 1048576K
}
Event: 30.940 GC heap after
{Heap after GC invocations=12 (full 1):
 PSYoungGen      total 24576K, used 586K [0x00000000eab00000, 0x00000000ec700000, 0x0000000100000000)
  eden space 23040K, 0% used [0x00000000eab00000,0x00000000eab00000,0x00000000ec180000)
  from space 1536K, 38% used [0x00000000ec480000,0x00000000ec5128e0,0x00000000ec600000)
  to   space 1024K, 0% used [0x00000000ec600000,0x00000000ec600000,0x00000000ec700000)
 ParOldGen       total 68608K, used 13727K [0x00000000c0000000, 0x00000000c4300000, 0x00000000eab00000)
  object space 68608K, 20% used [0x00000000c0000000,0x00000000c0d67e88,0x00000000c4300000)
 Metaspace       used 28376K, committed 29248K, reserved 1114112K
  class space    used 2848K, committed 3200K, reserved 1048576K
}
Event: 32.036 GC heap before
{Heap before GC invocations=13 (full 1):
 PSYoungGen      total 24576K, used 23626K [0x00000000eab00000, 0x00000000ec700000, 0x0000000100000000)
  eden space 23040K, 100% used [0x00000000eab00000,0x00000000ec180000,0x00000000ec180000)
  from space 1536K, 38% used [0x00000000ec480000,0x00000000ec5128e0,0x00000000ec600000)
  to   space 1024K, 0% used [0x00000000ec600000,0x00000000ec600000,0x00000000ec700000)
 ParOldGen       total 68608K, used 13819K [0x00000000c0000000, 0x00000000c4300000, 0x00000000eab00000)
  object space 68608K, 20% used [0x00000000c0000000,0x00000000c0d7efc0,0x00000000c4300000)
 Metaspace       used 29593K, committed 30464K, reserved 1114112K
  class space    used 2956K, committed 3328K, reserved 1048576K
}
Event: 32.039 GC heap after
{Heap after GC invocations=13 (full 1):
 PSYoungGen      total 23040K, used 462K [0x00000000eab00000, 0x00000000ec680000, 0x0000000100000000)
  eden space 22528K, 0% used [0x00000000eab00000,0x00000000eab00000,0x00000000ec100000)
  from space 512K, 90% used [0x00000000ec600000,0x00000000ec673890,0x00000000ec680000)
  to   space 1024K, 0% used [0x00000000ec480000,0x00000000ec480000,0x00000000ec580000)
 ParOldGen       total 68608K, used 15702K [0x00000000c0000000, 0x00000000c4300000, 0x00000000eab00000)
  object space 68608K, 22% used [0x00000000c0000000,0x00000000c0f559e0,0x00000000c4300000)
 Metaspace       used 29593K, committed 30464K, reserved 1114112K
  class space    used 2956K, committed 3328K, reserved 1048576K
}
Event: 34.819 GC heap before
{Heap before GC invocations=14 (full 1):
 PSYoungGen      total 23040K, used 22990K [0x00000000eab00000, 0x00000000ec680000, 0x0000000100000000)
  eden space 22528K, 100% used [0x00000000eab00000,0x00000000ec100000,0x00000000ec100000)
  from space 512K, 90% used [0x00000000ec600000,0x00000000ec673890,0x00000000ec680000)
  to   space 1024K, 0% used [0x00000000ec480000,0x00000000ec480000,0x00000000ec580000)
 ParOldGen       total 68608K, used 15702K [0x00000000c0000000, 0x00000000c4300000, 0x00000000eab00000)
  object space 68608K, 22% used [0x00000000c0000000,0x00000000c0f559e0,0x00000000c4300000)
 Metaspace       used 31787K, committed 32704K, reserved 1114112K
  class space    used 3204K, committed 3584K, reserved 1048576K
}
Event: 34.821 GC heap after
{Heap after GC invocations=14 (full 1):
 PSYoungGen      total 23040K, used 1019K [0x00000000eab00000, 0x00000000ec680000, 0x0000000100000000)
  eden space 22016K, 0% used [0x00000000eab00000,0x00000000eab00000,0x00000000ec080000)
  from space 1024K, 99% used [0x00000000ec480000,0x00000000ec57eda0,0x00000000ec580000)
  to   space 1024K, 0% used [0x00000000ec580000,0x00000000ec580000,0x00000000ec680000)
 ParOldGen       total 68608K, used 16112K [0x00000000c0000000, 0x00000000c4300000, 0x00000000eab00000)
  object space 68608K, 23% used [0x00000000c0000000,0x00000000c0fbc210,0x00000000c4300000)
 Metaspace       used 31787K, committed 32704K, reserved 1114112K
  class space    used 3204K, committed 3584K, reserved 1048576K
}
Event: 36.127 GC heap before
{Heap before GC invocations=15 (full 1):
 PSYoungGen      total 23040K, used 22721K [0x00000000eab00000, 0x00000000ec680000, 0x0000000100000000)
  eden space 22016K, 98% used [0x00000000eab00000,0x00000000ec0317c8,0x00000000ec080000)
  from space 1024K, 99% used [0x00000000ec480000,0x00000000ec57eda0,0x00000000ec580000)
  to   space 1024K, 0% used [0x00000000ec580000,0x00000000ec580000,0x00000000ec680000)
 ParOldGen       total 68608K, used 16112K [0x00000000c0000000, 0x00000000c4300000, 0x00000000eab00000)
  object space 68608K, 23% used [0x00000000c0000000,0x00000000c0fbc210,0x00000000c4300000)
 Metaspace       used 34983K, committed 35840K, reserved 1114112K
  class space    used 3535K, committed 3904K, reserved 1048576K
}
Event: 36.136 GC heap after
{Heap after GC invocations=15 (full 1):
 PSYoungGen      total 23040K, used 1002K [0x00000000eab00000, 0x00000000ec680000, 0x0000000100000000)
  eden space 22016K, 0% used [0x00000000eab00000,0x00000000eab00000,0x00000000ec080000)
  from space 1024K, 97% used [0x00000000ec580000,0x00000000ec67a8e0,0x00000000ec680000)
  to   space 3072K, 0% used [0x00000000ec080000,0x00000000ec080000,0x00000000ec380000)
 ParOldGen       total 68608K, used 17572K [0x00000000c0000000, 0x00000000c4300000, 0x00000000eab00000)
  object space 68608K, 25% used [0x00000000c0000000,0x00000000c1129198,0x00000000c4300000)
 Metaspace       used 34983K, committed 35840K, reserved 1114112K
  class space    used 3535K, committed 3904K, reserved 1048576K
}
Event: 36.136 GC heap before
{Heap before GC invocations=16 (full 2):
 PSYoungGen      total 23040K, used 1002K [0x00000000eab00000, 0x00000000ec680000, 0x0000000100000000)
  eden space 22016K, 0% used [0x00000000eab00000,0x00000000eab00000,0x00000000ec080000)
  from space 1024K, 97% used [0x00000000ec580000,0x00000000ec67a8e0,0x00000000ec680000)
  to   space 3072K, 0% used [0x00000000ec080000,0x00000000ec080000,0x00000000ec380000)
 ParOldGen       total 68608K, used 17572K [0x00000000c0000000, 0x00000000c4300000, 0x00000000eab00000)
  object space 68608K, 25% used [0x00000000c0000000,0x00000000c1129198,0x00000000c4300000)
 Metaspace       used 34983K, committed 35840K, reserved 1114112K
  class space    used 3535K, committed 3904K, reserved 1048576K
}
Event: 36.230 GC heap after
{Heap after GC invocations=16 (full 2):
 PSYoungGen      total 23040K, used 0K [0x00000000eab00000, 0x00000000ec680000, 0x0000000100000000)
  eden space 22016K, 0% used [0x00000000eab00000,0x00000000eab00000,0x00000000ec080000)
  from space 1024K, 0% used [0x00000000ec580000,0x00000000ec580000,0x00000000ec680000)
  to   space 3072K, 0% used [0x00000000ec080000,0x00000000ec080000,0x00000000ec380000)
 ParOldGen       total 68608K, used 17595K [0x00000000c0000000, 0x00000000c4300000, 0x00000000eab00000)
  object space 68608K, 25% used [0x00000000c0000000,0x00000000c112edb0,0x00000000c4300000)
 Metaspace       used 34983K, committed 35840K, reserved 1114112K
  class space    used 3535K, committed 3904K, reserved 1048576K
}
Event: 37.581 GC heap before
{Heap before GC invocations=17 (full 2):
 PSYoungGen      total 23040K, used 22016K [0x00000000eab00000, 0x00000000ec680000, 0x0000000100000000)
  eden space 22016K, 100% used [0x00000000eab00000,0x00000000ec080000,0x00000000ec080000)
  from space 1024K, 0% used [0x00000000ec580000,0x00000000ec580000,0x00000000ec680000)
  to   space 3072K, 0% used [0x00000000ec080000,0x00000000ec080000,0x00000000ec380000)
 ParOldGen       total 68608K, used 17595K [0x00000000c0000000, 0x00000000c4300000, 0x00000000eab00000)
  object space 68608K, 25% used [0x00000000c0000000,0x00000000c112edb0,0x00000000c4300000)
 Metaspace       used 37793K, committed 38784K, reserved 1114112K
  class space    used 3897K, committed 4352K, reserved 1048576K
}
Event: 37.584 GC heap after
{Heap after GC invocations=17 (full 2):
 PSYoungGen      total 25088K, used 1521K [0x00000000eab00000, 0x00000000ec600000, 0x0000000100000000)
  eden space 22016K, 0% used [0x00000000eab00000,0x00000000eab00000,0x00000000ec080000)
  from space 3072K, 49% used [0x00000000ec080000,0x00000000ec1fc440,0x00000000ec380000)
  to   space 2048K, 0% used [0x00000000ec400000,0x00000000ec400000,0x00000000ec600000)
 ParOldGen       total 68608K, used 17603K [0x00000000c0000000, 0x00000000c4300000, 0x00000000eab00000)
  object space 68608K, 25% used [0x00000000c0000000,0x00000000c1130db0,0x00000000c4300000)
 Metaspace       used 37793K, committed 38784K, reserved 1114112K
  class space    used 3897K, committed 4352K, reserved 1048576K
}

