# JRE version: OpenJDK Runtime Environment Temurin-21.0.7+6 (21.0.7+6) (build 21.0.7+6-LTS)
# Java VM: OpenJDK 64-Bit Server VM Temurin-21.0.7+6 (21.0.7+6-LTS, mixed mode, sharing, tiered, compressed oops, compressed class ptrs, parallel gc, windows-amd64)
GC Precious Log:
 CardTable entry size: 512
 CPUs: 4 total, 4 available
 Memory: 8075M
 Large Page Support: Disabled
 NUMA Support: Disabled
 Compressed Oops: Enabled (32-bit)
 Alignments: Space 512K, Generation 512K, Heap 2M
 Heap Min Capacity: 100M
 Heap Initial Capacity: 100M
 Heap Max Capacity: 1G
 Pre-touch: Disabled
 Parallel Workers: 4
Heap:
 PSYoungGen      total 23040K, used 22496K [0x00000000eab00000, 0x00000000ec500000, 0x0000000100000000)
  eden space 21504K, 99% used [0x00000000eab00000,0x00000000ebfedde8,0x00000000ec000000)
  from space 1536K, 69% used [0x00000000ec380000,0x00000000ec48a510,0x00000000ec500000)
  to   space 1536K, 0% used [0x00000000ec200000,0x00000000ec200000,0x00000000ec380000)
 ParOldGen       total 68608K, used 30944K [0x00000000c0000000, 0x00000000c4300000, 0x00000000eab00000)
  object space 68608K, 45% used [0x00000000c0000000,0x00000000c1e383f8,0x00000000c4300000)
 Metaspace       used 38062K, committed 39040K, reserved 1114112K
  class space    used 3778K, committed 4224K, reserved 1048576K
GC Heap History (20 events):
Event: 25.760 GC heap before
{Heap before GC invocations=13 (full 1):
 PSYoungGen      total 25088K, used 24768K [0x00000000eab00000, 0x00000000ec780000, 0x0000000100000000)
  eden space 22528K, 100% used [0x00000000eab00000,0x00000000ec100000,0x00000000ec100000)
  from space 2560K, 87% used [0x00000000ec200000,0x00000000ec430010,0x00000000ec480000)
  to   space 3072K, 0% used [0x00000000ec480000,0x00000000ec480000,0x00000000ec780000)
 ParOldGen       total 68608K, used 16613K [0x00000000c0000000, 0x00000000c4300000, 0x00000000eab00000)
  object space 68608K, 24% used [0x00000000c0000000,0x00000000c1039518,0x00000000c4300000)
 Metaspace       used 33644K, committed 34560K, reserved 1114112K
  class space    used 3321K, committed 3712K, reserved 1048576K
}
Event: 25.769 GC heap after
{Heap after GC invocations=13 (full 1):
 PSYoungGen      total 24576K, used 2274K [0x00000000eab00000, 0x00000000ec700000, 0x0000000100000000)
  eden space 22016K, 0% used [0x00000000eab00000,0x00000000eab00000,0x00000000ec080000)
  from space 2560K, 88% used [0x00000000ec480000,0x00000000ec6b8830,0x00000000ec700000)
  to   space 2560K, 0% used [0x00000000ec200000,0x00000000ec200000,0x00000000ec480000)
 ParOldGen       total 68608K, used 18746K [0x00000000c0000000, 0x00000000c4300000, 0x00000000eab00000)
  object space 68608K, 27% used [0x00000000c0000000,0x00000000c124e890,0x00000000c4300000)
 Metaspace       used 33644K, committed 34560K, reserved 1114112K
  class space    used 3321K, committed 3712K, reserved 1048576K
}
Event: 26.099 GC heap before
{Heap before GC invocations=14 (full 1):
 PSYoungGen      total 24576K, used 24290K [0x00000000eab00000, 0x00000000ec700000, 0x0000000100000000)
  eden space 22016K, 100% used [0x00000000eab00000,0x00000000ec080000,0x00000000ec080000)
  from space 2560K, 88% used [0x00000000ec480000,0x00000000ec6b8830,0x00000000ec700000)
  to   space 2560K, 0% used [0x00000000ec200000,0x00000000ec200000,0x00000000ec480000)
 ParOldGen       total 68608K, used 18746K [0x00000000c0000000, 0x00000000c4300000, 0x00000000eab00000)
  object space 68608K, 27% used [0x00000000c0000000,0x00000000c124e890,0x00000000c4300000)
 Metaspace       used 33663K, committed 34560K, reserved 1114112K
  class space    used 3322K, committed 3712K, reserved 1048576K
}
Event: 26.107 GC heap after
{Heap after GC invocations=14 (full 1):
 PSYoungGen      total 24576K, used 2304K [0x00000000eab00000, 0x00000000ec580000, 0x0000000100000000)
  eden space 22016K, 0% used [0x00000000eab00000,0x00000000eab00000,0x00000000ec080000)
  from space 2560K, 90% used [0x00000000ec200000,0x00000000ec440030,0x00000000ec480000)
  to   space 1024K, 0% used [0x00000000ec480000,0x00000000ec480000,0x00000000ec580000)
 ParOldGen       total 68608K, used 20944K [0x00000000c0000000, 0x00000000c4300000, 0x00000000eab00000)
  object space 68608K, 30% used [0x00000000c0000000,0x00000000c14741d0,0x00000000c4300000)
 Metaspace       used 33663K, committed 34560K, reserved 1114112K
  class space    used 3322K, committed 3712K, reserved 1048576K
}
Event: 26.509 GC heap before
{Heap before GC invocations=15 (full 1):
 PSYoungGen      total 24576K, used 24320K [0x00000000eab00000, 0x00000000ec580000, 0x0000000100000000)
  eden space 22016K, 100% used [0x00000000eab00000,0x00000000ec080000,0x00000000ec080000)
  from space 2560K, 90% used [0x00000000ec200000,0x00000000ec440030,0x00000000ec480000)
  to   space 1024K, 0% used [0x00000000ec480000,0x00000000ec480000,0x00000000ec580000)
 ParOldGen       total 68608K, used 20944K [0x00000000c0000000, 0x00000000c4300000, 0x00000000eab00000)
  object space 68608K, 30% used [0x00000000c0000000,0x00000000c14741d0,0x00000000c4300000)
 Metaspace       used 33685K, committed 34624K, reserved 1114112K
  class space    used 3323K, committed 3712K, reserved 1048576K
}
Event: 26.520 GC heap after
{Heap after GC invocations=15 (full 1):
 PSYoungGen      total 22528K, used 1024K [0x00000000eab00000, 0x00000000ec980000, 0x0000000100000000)
  eden space 21504K, 0% used [0x00000000eab00000,0x00000000eab00000,0x00000000ec000000)
  from space 1024K, 100% used [0x00000000ec480000,0x00000000ec580000,0x00000000ec580000)
  to   space 4608K, 0% used [0x00000000ec000000,0x00000000ec000000,0x00000000ec480000)
 ParOldGen       total 68608K, used 24143K [0x00000000c0000000, 0x00000000c4300000, 0x00000000eab00000)
  object space 68608K, 35% used [0x00000000c0000000,0x00000000c1793cc0,0x00000000c4300000)
 Metaspace       used 33685K, committed 34624K, reserved 1114112K
  class space    used 3323K, committed 3712K, reserved 1048576K
}
Event: 27.076 GC heap before
{Heap before GC invocations=16 (full 1):
 PSYoungGen      total 22528K, used 22292K [0x00000000eab00000, 0x00000000ec980000, 0x0000000100000000)
  eden space 21504K, 98% used [0x00000000eab00000,0x00000000ebfc5270,0x00000000ec000000)
  from space 1024K, 100% used [0x00000000ec480000,0x00000000ec580000,0x00000000ec580000)
  to   space 4608K, 0% used [0x00000000ec000000,0x00000000ec000000,0x00000000ec480000)
 ParOldGen       total 68608K, used 24143K [0x00000000c0000000, 0x00000000c4300000, 0x00000000eab00000)
  object space 68608K, 35% used [0x00000000c0000000,0x00000000c1793cc0,0x00000000c4300000)
 Metaspace       used 33707K, committed 34624K, reserved 1114112K
  class space    used 3323K, committed 3712K, reserved 1048576K
}
Event: 27.087 GC heap after
{Heap after GC invocations=16 (full 1):
 PSYoungGen      total 23552K, used 1856K [0x00000000eab00000, 0x00000000ec600000, 0x0000000100000000)
  eden space 21504K, 0% used [0x00000000eab00000,0x00000000eab00000,0x00000000ec000000)
  from space 2048K, 90% used [0x00000000ec000000,0x00000000ec1d0000,0x00000000ec200000)
  to   space 3072K, 0% used [0x00000000ec300000,0x00000000ec300000,0x00000000ec600000)
 ParOldGen       total 68608K, used 25191K [0x00000000c0000000, 0x00000000c4300000, 0x00000000eab00000)
  object space 68608K, 36% used [0x00000000c0000000,0x00000000c1899cc0,0x00000000c4300000)
 Metaspace       used 33707K, committed 34624K, reserved 1114112K
  class space    used 3323K, committed 3712K, reserved 1048576K
}
Event: 27.851 GC heap before
{Heap before GC invocations=17 (full 1):
 PSYoungGen      total 23552K, used 23360K [0x00000000eab00000, 0x00000000ec600000, 0x0000000100000000)
  eden space 21504K, 100% used [0x00000000eab00000,0x00000000ec000000,0x00000000ec000000)
  from space 2048K, 90% used [0x00000000ec000000,0x00000000ec1d0000,0x00000000ec200000)
  to   space 3072K, 0% used [0x00000000ec300000,0x00000000ec300000,0x00000000ec600000)
 ParOldGen       total 68608K, used 25191K [0x00000000c0000000, 0x00000000c4300000, 0x00000000eab00000)
  object space 68608K, 36% used [0x00000000c0000000,0x00000000c1899cc0,0x00000000c4300000)
 Metaspace       used 33838K, committed 34688K, reserved 1114112K
  class space    used 3326K, committed 3712K, reserved 1048576K
}
Event: 27.857 GC heap after
{Heap after GC invocations=17 (full 1):
 PSYoungGen      total 24064K, used 2080K [0x00000000eab00000, 0x00000000ec580000, 0x0000000100000000)
  eden space 21504K, 0% used [0x00000000eab00000,0x00000000eab00000,0x00000000ec000000)
  from space 2560K, 81% used [0x00000000ec300000,0x00000000ec508010,0x00000000ec580000)
  to   space 2560K, 0% used [0x00000000ec080000,0x00000000ec080000,0x00000000ec300000)
 ParOldGen       total 68608K, used 27007K [0x00000000c0000000, 0x00000000c4300000, 0x00000000eab00000)
  object space 68608K, 39% used [0x00000000c0000000,0x00000000c1a5fcc0,0x00000000c4300000)
 Metaspace       used 33838K, committed 34688K, reserved 1114112K
  class space    used 3326K, committed 3712K, reserved 1048576K
}
Event: 28.770 GC heap before
{Heap before GC invocations=18 (full 1):
 PSYoungGen      total 24064K, used 23556K [0x00000000eab00000, 0x00000000ec580000, 0x0000000100000000)
  eden space 21504K, 99% used [0x00000000eab00000,0x00000000ebff9230,0x00000000ec000000)
  from space 2560K, 81% used [0x00000000ec300000,0x00000000ec508010,0x00000000ec580000)
  to   space 2560K, 0% used [0x00000000ec080000,0x00000000ec080000,0x00000000ec300000)
 ParOldGen       total 68608K, used 27007K [0x00000000c0000000, 0x00000000c4300000, 0x00000000eab00000)
  object space 68608K, 39% used [0x00000000c0000000,0x00000000c1a5fcc0,0x00000000c4300000)
 Metaspace       used 34013K, committed 34944K, reserved 1114112K
  class space    used 3344K, committed 3776K, reserved 1048576K
}
Event: 28.779 GC heap after
{Heap after GC invocations=18 (full 1):
 PSYoungGen      total 24064K, used 2549K [0x00000000eab00000, 0x00000000eca00000, 0x0000000100000000)
  eden space 21504K, 0% used [0x00000000eab00000,0x00000000eab00000,0x00000000ec000000)
  from space 2560K, 99% used [0x00000000ec080000,0x00000000ec2fd428,0x00000000ec300000)
  to   space 5120K, 0% used [0x00000000ec500000,0x00000000ec500000,0x00000000eca00000)
 ParOldGen       total 68608K, used 29071K [0x00000000c0000000, 0x00000000c4300000, 0x00000000eab00000)
  object space 68608K, 42% used [0x00000000c0000000,0x00000000c1c63cd0,0x00000000c4300000)
 Metaspace       used 34013K, committed 34944K, reserved 1114112K
  class space    used 3344K, committed 3776K, reserved 1048576K
}
Event: 29.688 GC heap before
{Heap before GC invocations=19 (full 1):
 PSYoungGen      total 24064K, used 13323K [0x00000000eab00000, 0x00000000eca00000, 0x0000000100000000)
  eden space 21504K, 50% used [0x00000000eab00000,0x00000000eb585900,0x00000000ec000000)
  from space 2560K, 99% used [0x00000000ec080000,0x00000000ec2fd428,0x00000000ec300000)
  to   space 5120K, 0% used [0x00000000ec500000,0x00000000ec500000,0x00000000eca00000)
 ParOldGen       total 68608K, used 29071K [0x00000000c0000000, 0x00000000c4300000, 0x00000000eab00000)
  object space 68608K, 42% used [0x00000000c0000000,0x00000000c1c63cd0,0x00000000c4300000)
 Metaspace       used 34961K, committed 35840K, reserved 1114112K
  class space    used 3447K, committed 3840K, reserved 1048576K
}
Event: 29.693 GC heap after
{Heap after GC invocations=19 (full 1):
 PSYoungGen      total 23552K, used 1805K [0x00000000eab00000, 0x00000000ec700000, 0x0000000100000000)
  eden space 21504K, 0% used [0x00000000eab00000,0x00000000eab00000,0x00000000ec000000)
  from space 2048K, 88% used [0x00000000ec500000,0x00000000ec6c3510,0x00000000ec700000)
  to   space 3072K, 0% used [0x00000000ec100000,0x00000000ec100000,0x00000000ec400000)
 ParOldGen       total 68608K, used 31102K [0x00000000c0000000, 0x00000000c4300000, 0x00000000eab00000)
  object space 68608K, 45% used [0x00000000c0000000,0x00000000c1e5fb18,0x00000000c4300000)
 Metaspace       used 34961K, committed 35840K, reserved 1114112K
  class space    used 3447K, committed 3840K, reserved 1048576K
}
Event: 29.693 GC heap before
{Heap before GC invocations=20 (full 2):
 PSYoungGen      total 23552K, used 1805K [0x00000000eab00000, 0x00000000ec700000, 0x0000000100000000)
  eden space 21504K, 0% used [0x00000000eab00000,0x00000000eab00000,0x00000000ec000000)
  from space 2048K, 88% used [0x00000000ec500000,0x00000000ec6c3510,0x00000000ec700000)
  to   space 3072K, 0% used [0x00000000ec100000,0x00000000ec100000,0x00000000ec400000)
 ParOldGen       total 68608K, used 31102K [0x00000000c0000000, 0x00000000c4300000, 0x00000000eab00000)
  object space 68608K, 45% used [0x00000000c0000000,0x00000000c1e5fb18,0x00000000c4300000)
 Metaspace       used 34961K, committed 35840K, reserved 1114112K
  class space    used 3447K, committed 3840K, reserved 1048576K
}
Event: 29.807 GC heap after
{Heap after GC invocations=20 (full 2):
 PSYoungGen      total 23552K, used 0K [0x00000000eab00000, 0x00000000ec700000, 0x0000000100000000)
  eden space 21504K, 0% used [0x00000000eab00000,0x00000000eab00000,0x00000000ec000000)
  from space 2048K, 0% used [0x00000000ec500000,0x00000000ec500000,0x00000000ec700000)
  to   space 3072K, 0% used [0x00000000ec100000,0x00000000ec100000,0x00000000ec400000)
 ParOldGen       total 68608K, used 29710K [0x00000000c0000000, 0x00000000c4300000, 0x00000000eab00000)
  object space 68608K, 43% used [0x00000000c0000000,0x00000000c1d03840,0x00000000c4300000)
 Metaspace       used 34936K, committed 35840K, reserved 1114112K
  class space    used 3440K, committed 3840K, reserved 1048576K
}
Event: 33.933 GC heap before
{Heap before GC invocations=21 (full 2):
 PSYoungGen      total 23552K, used 21504K [0x00000000eab00000, 0x00000000ec700000, 0x0000000100000000)
  eden space 21504K, 100% used [0x00000000eab00000,0x00000000ec000000,0x00000000ec000000)
  from space 2048K, 0% used [0x00000000ec500000,0x00000000ec500000,0x00000000ec700000)
  to   space 3072K, 0% used [0x00000000ec100000,0x00000000ec100000,0x00000000ec400000)
 ParOldGen       total 68608K, used 29710K [0x00000000c0000000, 0x00000000c4300000, 0x00000000eab00000)
  object space 68608K, 43% used [0x00000000c0000000,0x00000000c1d03840,0x00000000c4300000)
 Metaspace       used 36725K, committed 37696K, reserved 1114112K
  class space    used 3640K, committed 4096K, reserved 1048576K
}
Event: 33.939 GC heap after
{Heap after GC invocations=21 (full 2):
 PSYoungGen      total 24064K, used 2087K [0x00000000eab00000, 0x00000000ec580000, 0x0000000100000000)
  eden space 21504K, 0% used [0x00000000eab00000,0x00000000eab00000,0x00000000ec000000)
  from space 2560K, 81% used [0x00000000ec100000,0x00000000ec309c40,0x00000000ec380000)
  to   space 2048K, 0% used [0x00000000ec380000,0x00000000ec380000,0x00000000ec580000)
 ParOldGen       total 68608K, used 29718K [0x00000000c0000000, 0x00000000c4300000, 0x00000000eab00000)
  object space 68608K, 43% used [0x00000000c0000000,0x00000000c1d05840,0x00000000c4300000)
 Metaspace       used 36725K, committed 37696K, reserved 1114112K
  class space    used 3640K, committed 4096K, reserved 1048576K
}
Event: 34.984 GC heap before
{Heap before GC invocations=22 (full 2):
 PSYoungGen      total 24064K, used 23533K [0x00000000eab00000, 0x00000000ec580000, 0x0000000100000000)
  eden space 21504K, 99% used [0x00000000eab00000,0x00000000ebff1b70,0x00000000ec000000)
  from space 2560K, 81% used [0x00000000ec100000,0x00000000ec309c40,0x00000000ec380000)
  to   space 2048K, 0% used [0x00000000ec380000,0x00000000ec380000,0x00000000ec580000)
 ParOldGen       total 68608K, used 29718K [0x00000000c0000000, 0x00000000c4300000, 0x00000000eab00000)
  object space 68608K, 43% used [0x00000000c0000000,0x00000000c1d05840,0x00000000c4300000)
 Metaspace       used 36835K, committed 37824K, reserved 1114112K
  class space    used 3642K, committed 4096K, reserved 1048576K
}
Event: 34.987 GC heap after
{Heap after GC invocations=22 (full 2):
 PSYoungGen      total 23040K, used 1065K [0x00000000eab00000, 0x00000000ec500000, 0x0000000100000000)
  eden space 21504K, 0% used [0x00000000eab00000,0x00000000eab00000,0x00000000ec000000)
  from space 1536K, 69% used [0x00000000ec380000,0x00000000ec48a510,0x00000000ec500000)
  to   space 1536K, 0% used [0x00000000ec200000,0x00000000ec200000,0x00000000ec380000)
 ParOldGen       total 68608K, used 30944K [0x00000000c0000000, 0x00000000c4300000, 0x00000000eab00000)
  object space 68608K, 45% used [0x00000000c0000000,0x00000000c1e383f8,0x00000000c4300000)
 Metaspace       used 36835K, committed 37824K, reserved 1114112K
  class space    used 3642K, committed 4096K, reserved 1048576K
}

