# JRE version: OpenJDK Runtime Environment Temurin-21.0.7+6 (21.0.7+6) (build 21.0.7+6-LTS)
# Java VM: OpenJDK 64-Bit Server VM Temurin-21.0.7+6 (21.0.7+6-LTS, mixed mode, sharing, tiered, compressed oops, compressed class ptrs, parallel gc, windows-amd64)
GC Precious Log:
 CardTable entry size: 512
 CPUs: 4 total, 4 available
 Memory: 8075M
 Large Page Support: Disabled
 NUMA Support: Disabled
 Compressed Oops: Enabled (32-bit)
 Alignments: Space 512K, Generation 512K, Heap 2M
 Heap Min Capacity: 100M
 Heap Initial Capacity: 100M
 Heap Max Capacity: 1G
 Pre-touch: Disabled
 Parallel Workers: 4
Heap:
 PSYoungGen      total 22528K, used 6008K [0x00000000eab00000, 0x00000000ec700000, 0x0000000100000000)
  eden space 20480K, 20% used [0x00000000eab00000,0x00000000eaf0e288,0x00000000ebf00000)
  from space 2048K, 90% used [0x00000000ec500000,0x00000000ec6d0000,0x00000000ec700000)
  to   space 2048K, 0% used [0x00000000ec300000,0x00000000ec300000,0x00000000ec500000)
 ParOldGen       total 68608K, used 55819K [0x00000000c0000000, 0x00000000c4300000, 0x00000000eab00000)
  object space 68608K, 81% used [0x00000000c0000000,0x00000000c3682d00,0x00000000c4300000)
 Metaspace       used 54376K, committed 55552K, reserved 1114112K
  class space    used 5681K, committed 6208K, reserved 1048576K
GC Heap History (20 events):
Event: 22.434 GC heap before
{Heap before GC invocations=26 (full 2):
 PSYoungGen      total 22528K, used 22500K [0x00000000eab00000, 0x00000000ec800000, 0x0000000100000000)
  eden space 20480K, 100% used [0x00000000eab00000,0x00000000ebf00000,0x00000000ebf00000)
  from space 2048K, 98% used [0x00000000ebf00000,0x00000000ec0f9000,0x00000000ec100000)
  to   space 4608K, 0% used [0x00000000ec380000,0x00000000ec380000,0x00000000ec800000)
 ParOldGen       total 68608K, used 31136K [0x00000000c0000000, 0x00000000c4300000, 0x00000000eab00000)
  object space 68608K, 45% used [0x00000000c0000000,0x00000000c1e68190,0x00000000c4300000)
 Metaspace       used 46242K, committed 47488K, reserved 1114112K
  class space    used 4916K, committed 5504K, reserved 1048576K
}
Event: 22.440 GC heap after
{Heap after GC invocations=26 (full 2):
 PSYoungGen      total 22528K, used 1952K [0x00000000eab00000, 0x00000000ec580000, 0x0000000100000000)
  eden space 20480K, 0% used [0x00000000eab00000,0x00000000eab00000,0x00000000ebf00000)
  from space 2048K, 95% used [0x00000000ec380000,0x00000000ec568010,0x00000000ec580000)
  to   space 3072K, 0% used [0x00000000ebf80000,0x00000000ebf80000,0x00000000ec280000)
 ParOldGen       total 68608K, used 33120K [0x00000000c0000000, 0x00000000c4300000, 0x00000000eab00000)
  object space 68608K, 48% used [0x00000000c0000000,0x00000000c2058290,0x00000000c4300000)
 Metaspace       used 46242K, committed 47488K, reserved 1114112K
  class space    used 4916K, committed 5504K, reserved 1048576K
}
Event: 22.744 GC heap before
{Heap before GC invocations=27 (full 2):
 PSYoungGen      total 22528K, used 22432K [0x00000000eab00000, 0x00000000ec580000, 0x0000000100000000)
  eden space 20480K, 100% used [0x00000000eab00000,0x00000000ebf00000,0x00000000ebf00000)
  from space 2048K, 95% used [0x00000000ec380000,0x00000000ec568010,0x00000000ec580000)
  to   space 3072K, 0% used [0x00000000ebf80000,0x00000000ebf80000,0x00000000ec280000)
 ParOldGen       total 68608K, used 33120K [0x00000000c0000000, 0x00000000c4300000, 0x00000000eab00000)
  object space 68608K, 48% used [0x00000000c0000000,0x00000000c2058290,0x00000000c4300000)
 Metaspace       used 46266K, committed 47488K, reserved 1114112K
  class space    used 4916K, committed 5504K, reserved 1048576K
}
Event: 22.749 GC heap after
{Heap after GC invocations=27 (full 2):
 PSYoungGen      total 22528K, used 1760K [0x00000000eab00000, 0x00000000ec400000, 0x0000000100000000)
  eden space 20480K, 0% used [0x00000000eab00000,0x00000000eab00000,0x00000000ebf00000)
  from space 2048K, 85% used [0x00000000ebf80000,0x00000000ec138000,0x00000000ec180000)
  to   space 2048K, 0% used [0x00000000ec200000,0x00000000ec200000,0x00000000ec400000)
 ParOldGen       total 68608K, used 35016K [0x00000000c0000000, 0x00000000c4300000, 0x00000000eab00000)
  object space 68608K, 51% used [0x00000000c0000000,0x00000000c22322a0,0x00000000c4300000)
 Metaspace       used 46266K, committed 47488K, reserved 1114112K
  class space    used 4916K, committed 5504K, reserved 1048576K
}
Event: 24.139 GC heap before
{Heap before GC invocations=28 (full 2):
 PSYoungGen      total 22528K, used 22240K [0x00000000eab00000, 0x00000000ec400000, 0x0000000100000000)
  eden space 20480K, 100% used [0x00000000eab00000,0x00000000ebf00000,0x00000000ebf00000)
  from space 2048K, 85% used [0x00000000ebf80000,0x00000000ec138000,0x00000000ec180000)
  to   space 2048K, 0% used [0x00000000ec200000,0x00000000ec200000,0x00000000ec400000)
 ParOldGen       total 68608K, used 35016K [0x00000000c0000000, 0x00000000c4300000, 0x00000000eab00000)
  object space 68608K, 51% used [0x00000000c0000000,0x00000000c22322a0,0x00000000c4300000)
 Metaspace       used 47715K, committed 48960K, reserved 1114112K
  class space    used 5032K, committed 5568K, reserved 1048576K
}
Event: 24.144 GC heap after
{Heap after GC invocations=28 (full 2):
 PSYoungGen      total 22528K, used 1830K [0x00000000eab00000, 0x00000000ec400000, 0x0000000100000000)
  eden space 20480K, 0% used [0x00000000eab00000,0x00000000eab00000,0x00000000ebf00000)
  from space 2048K, 89% used [0x00000000ec200000,0x00000000ec3c9980,0x00000000ec400000)
  to   space 2048K, 0% used [0x00000000ebf80000,0x00000000ebf80000,0x00000000ec180000)
 ParOldGen       total 68608K, used 36685K [0x00000000c0000000, 0x00000000c4300000, 0x00000000eab00000)
  object space 68608K, 53% used [0x00000000c0000000,0x00000000c23d37f8,0x00000000c4300000)
 Metaspace       used 47715K, committed 48960K, reserved 1114112K
  class space    used 5032K, committed 5568K, reserved 1048576K
}
Event: 24.868 GC heap before
{Heap before GC invocations=29 (full 2):
 PSYoungGen      total 22528K, used 22301K [0x00000000eab00000, 0x00000000ec400000, 0x0000000100000000)
  eden space 20480K, 99% used [0x00000000eab00000,0x00000000ebefddc0,0x00000000ebf00000)
  from space 2048K, 89% used [0x00000000ec200000,0x00000000ec3c9980,0x00000000ec400000)
  to   space 2048K, 0% used [0x00000000ebf80000,0x00000000ebf80000,0x00000000ec180000)
 ParOldGen       total 68608K, used 36685K [0x00000000c0000000, 0x00000000c4300000, 0x00000000eab00000)
  object space 68608K, 53% used [0x00000000c0000000,0x00000000c23d37f8,0x00000000c4300000)
 Metaspace       used 49200K, committed 50432K, reserved 1114112K
  class space    used 5194K, committed 5760K, reserved 1048576K
}
Event: 24.876 GC heap after
{Heap after GC invocations=29 (full 2):
 PSYoungGen      total 22528K, used 2033K [0x00000000eab00000, 0x00000000ed200000, 0x0000000100000000)
  eden space 20480K, 0% used [0x00000000eab00000,0x00000000eab00000,0x00000000ebf00000)
  from space 2048K, 99% used [0x00000000ebf80000,0x00000000ec17c780,0x00000000ec180000)
  to   space 9728K, 0% used [0x00000000ec880000,0x00000000ec880000,0x00000000ed200000)
 ParOldGen       total 68608K, used 43086K [0x00000000c0000000, 0x00000000c4300000, 0x00000000eab00000)
  object space 68608K, 62% used [0x00000000c0000000,0x00000000c2a13848,0x00000000c4300000)
 Metaspace       used 49200K, committed 50432K, reserved 1114112K
  class space    used 5194K, committed 5760K, reserved 1048576K
}
Event: 25.458 GC heap before
{Heap before GC invocations=30 (full 2):
 PSYoungGen      total 22528K, used 22513K [0x00000000eab00000, 0x00000000ed200000, 0x0000000100000000)
  eden space 20480K, 100% used [0x00000000eab00000,0x00000000ebf00000,0x00000000ebf00000)
  from space 2048K, 99% used [0x00000000ebf80000,0x00000000ec17c780,0x00000000ec180000)
  to   space 9728K, 0% used [0x00000000ec880000,0x00000000ec880000,0x00000000ed200000)
 ParOldGen       total 68608K, used 43086K [0x00000000c0000000, 0x00000000c4300000, 0x00000000eab00000)
  object space 68608K, 62% used [0x00000000c0000000,0x00000000c2a13848,0x00000000c4300000)
 Metaspace       used 51143K, committed 52352K, reserved 1114112K
  class space    used 5385K, committed 5952K, reserved 1048576K
}
Event: 25.463 GC heap after
{Heap after GC invocations=30 (full 2):
 PSYoungGen      total 22528K, used 1616K [0x00000000eab00000, 0x00000000eca80000, 0x0000000100000000)
  eden space 20480K, 0% used [0x00000000eab00000,0x00000000eab00000,0x00000000ebf00000)
  from space 2048K, 78% used [0x00000000ec880000,0x00000000eca14010,0x00000000eca80000)
  to   space 4096K, 0% used [0x00000000ec280000,0x00000000ec280000,0x00000000ec680000)
 ParOldGen       total 68608K, used 44919K [0x00000000c0000000, 0x00000000c4300000, 0x00000000eab00000)
  object space 68608K, 65% used [0x00000000c0000000,0x00000000c2bddfb0,0x00000000c4300000)
 Metaspace       used 51143K, committed 52352K, reserved 1114112K
  class space    used 5385K, committed 5952K, reserved 1048576K
}
Event: 26.115 GC heap before
{Heap before GC invocations=31 (full 2):
 PSYoungGen      total 22528K, used 22096K [0x00000000eab00000, 0x00000000eca80000, 0x0000000100000000)
  eden space 20480K, 100% used [0x00000000eab00000,0x00000000ebf00000,0x00000000ebf00000)
  from space 2048K, 78% used [0x00000000ec880000,0x00000000eca14010,0x00000000eca80000)
  to   space 4096K, 0% used [0x00000000ec280000,0x00000000ec280000,0x00000000ec680000)
 ParOldGen       total 68608K, used 44919K [0x00000000c0000000, 0x00000000c4300000, 0x00000000eab00000)
  object space 68608K, 65% used [0x00000000c0000000,0x00000000c2bddfb0,0x00000000c4300000)
 Metaspace       used 51827K, committed 53056K, reserved 1114112K
  class space    used 5498K, committed 6016K, reserved 1048576K
}
Event: 26.120 GC heap after
{Heap after GC invocations=31 (full 2):
 PSYoungGen      total 24576K, used 1054K [0x00000000eab00000, 0x00000000ec900000, 0x0000000100000000)
  eden space 20480K, 0% used [0x00000000eab00000,0x00000000eab00000,0x00000000ebf00000)
  from space 4096K, 25% used [0x00000000ec280000,0x00000000ec387ab8,0x00000000ec680000)
  to   space 2048K, 0% used [0x00000000ec700000,0x00000000ec700000,0x00000000ec900000)
 ParOldGen       total 68608K, used 46452K [0x00000000c0000000, 0x00000000c4300000, 0x00000000eab00000)
  object space 68608K, 67% used [0x00000000c0000000,0x00000000c2d5d270,0x00000000c4300000)
 Metaspace       used 51827K, committed 53056K, reserved 1114112K
  class space    used 5498K, committed 6016K, reserved 1048576K
}
Event: 26.948 GC heap before
{Heap before GC invocations=32 (full 2):
 PSYoungGen      total 24576K, used 21534K [0x00000000eab00000, 0x00000000ec900000, 0x0000000100000000)
  eden space 20480K, 100% used [0x00000000eab00000,0x00000000ebf00000,0x00000000ebf00000)
  from space 4096K, 25% used [0x00000000ec280000,0x00000000ec387ab8,0x00000000ec680000)
  to   space 2048K, 0% used [0x00000000ec700000,0x00000000ec700000,0x00000000ec900000)
 ParOldGen       total 68608K, used 46452K [0x00000000c0000000, 0x00000000c4300000, 0x00000000eab00000)
  object space 68608K, 67% used [0x00000000c0000000,0x00000000c2d5d270,0x00000000c4300000)
 Metaspace       used 53070K, committed 54336K, reserved 1114112K
  class space    used 5609K, committed 6144K, reserved 1048576K
}
Event: 26.950 GC heap after
{Heap after GC invocations=32 (full 2):
 PSYoungGen      total 21504K, used 818K [0x00000000eab00000, 0x00000000ec800000, 0x0000000100000000)
  eden space 20480K, 0% used [0x00000000eab00000,0x00000000eab00000,0x00000000ebf00000)
  from space 1024K, 79% used [0x00000000ec700000,0x00000000ec7cc868,0x00000000ec800000)
  to   space 1024K, 0% used [0x00000000ec600000,0x00000000ec600000,0x00000000ec700000)
 ParOldGen       total 68608K, used 47318K [0x00000000c0000000, 0x00000000c4300000, 0x00000000eab00000)
  object space 68608K, 68% used [0x00000000c0000000,0x00000000c2e35ad8,0x00000000c4300000)
 Metaspace       used 53070K, committed 54336K, reserved 1114112K
  class space    used 5609K, committed 6144K, reserved 1048576K
}
Event: 27.253 GC heap before
{Heap before GC invocations=33 (full 2):
 PSYoungGen      total 21504K, used 21298K [0x00000000eab00000, 0x00000000ec800000, 0x0000000100000000)
  eden space 20480K, 100% used [0x00000000eab00000,0x00000000ebf00000,0x00000000ebf00000)
  from space 1024K, 79% used [0x00000000ec700000,0x00000000ec7cc868,0x00000000ec800000)
  to   space 1024K, 0% used [0x00000000ec600000,0x00000000ec600000,0x00000000ec700000)
 ParOldGen       total 68608K, used 47318K [0x00000000c0000000, 0x00000000c4300000, 0x00000000eab00000)
  object space 68608K, 68% used [0x00000000c0000000,0x00000000c2e35ad8,0x00000000c4300000)
 Metaspace       used 53239K, committed 54528K, reserved 1114112K
  class space    used 5627K, committed 6208K, reserved 1048576K
}
Event: 27.258 GC heap after
{Heap after GC invocations=33 (full 2):
 PSYoungGen      total 21504K, used 1021K [0x00000000eab00000, 0x00000000ecd00000, 0x0000000100000000)
  eden space 20480K, 0% used [0x00000000eab00000,0x00000000eab00000,0x00000000ebf00000)
  from space 1024K, 99% used [0x00000000ec600000,0x00000000ec6ff430,0x00000000ec700000)
  to   space 6144K, 0% used [0x00000000ec700000,0x00000000ec700000,0x00000000ecd00000)
 ParOldGen       total 68608K, used 52276K [0x00000000c0000000, 0x00000000c4300000, 0x00000000eab00000)
  object space 68608K, 76% used [0x00000000c0000000,0x00000000c330d018,0x00000000c4300000)
 Metaspace       used 53239K, committed 54528K, reserved 1114112K
  class space    used 5627K, committed 6208K, reserved 1048576K
}
Event: 27.765 GC heap before
{Heap before GC invocations=34 (full 2):
 PSYoungGen      total 21504K, used 21501K [0x00000000eab00000, 0x00000000ecd00000, 0x0000000100000000)
  eden space 20480K, 100% used [0x00000000eab00000,0x00000000ebf00000,0x00000000ebf00000)
  from space 1024K, 99% used [0x00000000ec600000,0x00000000ec6ff430,0x00000000ec700000)
  to   space 6144K, 0% used [0x00000000ec700000,0x00000000ec700000,0x00000000ecd00000)
 ParOldGen       total 68608K, used 52276K [0x00000000c0000000, 0x00000000c4300000, 0x00000000eab00000)
  object space 68608K, 76% used [0x00000000c0000000,0x00000000c330d018,0x00000000c4300000)
 Metaspace       used 54046K, committed 55296K, reserved 1114112K
  class space    used 5665K, committed 6208K, reserved 1048576K
}
Event: 27.770 GC heap after
{Heap after GC invocations=34 (full 2):
 PSYoungGen      total 23552K, used 2975K [0x00000000eab00000, 0x00000000eca00000, 0x0000000100000000)
  eden space 20480K, 0% used [0x00000000eab00000,0x00000000eab00000,0x00000000ebf00000)
  from space 3072K, 96% used [0x00000000ec700000,0x00000000ec9e7fe8,0x00000000eca00000)
  to   space 4096K, 0% used [0x00000000ec200000,0x00000000ec200000,0x00000000ec600000)
 ParOldGen       total 68608K, used 53280K [0x00000000c0000000, 0x00000000c4300000, 0x00000000eab00000)
  object space 68608K, 77% used [0x00000000c0000000,0x00000000c3408010,0x00000000c4300000)
 Metaspace       used 54046K, committed 55296K, reserved 1114112K
  class space    used 5665K, committed 6208K, reserved 1048576K
}
Event: 28.086 GC heap before
{Heap before GC invocations=35 (full 2):
 PSYoungGen      total 23552K, used 23379K [0x00000000eab00000, 0x00000000eca00000, 0x0000000100000000)
  eden space 20480K, 99% used [0x00000000eab00000,0x00000000ebeed010,0x00000000ebf00000)
  from space 3072K, 96% used [0x00000000ec700000,0x00000000ec9e7fe8,0x00000000eca00000)
  to   space 4096K, 0% used [0x00000000ec200000,0x00000000ec200000,0x00000000ec600000)
 ParOldGen       total 68608K, used 53280K [0x00000000c0000000, 0x00000000c4300000, 0x00000000eab00000)
  object space 68608K, 77% used [0x00000000c0000000,0x00000000c3408010,0x00000000c4300000)
 Metaspace       used 54088K, committed 55296K, reserved 1114112K
  class space    used 5665K, committed 6208K, reserved 1048576K
}
Event: 28.095 GC heap after
{Heap after GC invocations=35 (full 2):
 PSYoungGen      total 22016K, used 1276K [0x00000000eab00000, 0x00000000ec780000, 0x0000000100000000)
  eden space 20480K, 0% used [0x00000000eab00000,0x00000000eab00000,0x00000000ebf00000)
  from space 1536K, 83% used [0x00000000ec200000,0x00000000ec33f248,0x00000000ec380000)
  to   space 2560K, 0% used [0x00000000ec500000,0x00000000ec500000,0x00000000ec780000)
 ParOldGen       total 68608K, used 55443K [0x00000000c0000000, 0x00000000c4300000, 0x00000000eab00000)
  object space 68608K, 80% used [0x00000000c0000000,0x00000000c3624d00,0x00000000c4300000)
 Metaspace       used 54088K, committed 55296K, reserved 1114112K
  class space    used 5665K, committed 6208K, reserved 1048576K
}

