# JRE version: OpenJDK Runtime Environment Temurin-21.0.7+6 (21.0.7+6) (build 21.0.7+6-LTS)
# Java VM: OpenJDK 64-Bit Server VM Temurin-21.0.7+6 (21.0.7+6-LTS, mixed mode, sharing, tiered, compressed oops, compressed class ptrs, parallel gc, windows-amd64)
GC Precious Log:
 CardTable entry size: 512
 CPUs: 4 total, 4 available
 Memory: 8075M
 Large Page Support: Disabled
 NUMA Support: Disabled
 Compressed Oops: Enabled (32-bit)
 Alignments: Space 512K, Generation 512K, Heap 2M
 Heap Min Capacity: 100M
 Heap Initial Capacity: 100M
 Heap Max Capacity: 1G
 Pre-touch: Disabled
 Parallel Workers: 4
Heap:
 PSYoungGen      total 17920K, used 4691K [0x00000000eab00000, 0x00000000ec100000, 0x0000000100000000)
  eden space 15360K, 13% used [0x00000000eab00000,0x00000000ead178c0,0x00000000eba00000)
  from space 2560K, 99% used [0x00000000ebe80000,0x00000000ec0fd638,0x00000000ec100000)
  to   space 3584K, 0% used [0x00000000ebb00000,0x00000000ebb00000,0x00000000ebe80000)
 ParOldGen       total 130560K, used 130098K [0x00000000c0000000, 0x00000000c7f80000, 0x00000000eab00000)
  object space 130560K, 99% used [0x00000000c0000000,0x00000000c7f0c8a0,0x00000000c7f80000)
 Metaspace       used 75051K, committed 76736K, reserved 1179648K
  class space    used 7631K, committed 8384K, reserved 1048576K
GC Heap History (20 events):
Event: 46.759 GC heap before
{Heap before GC invocations=96 (full 3):
 PSYoungGen      total 18432K, used 18176K [0x00000000eab00000, 0x00000000ec280000, 0x0000000100000000)
  eden space 15360K, 100% used [0x00000000eab00000,0x00000000eba00000,0x00000000eba00000)
  from space 3072K, 91% used [0x00000000ebf80000,0x00000000ec240010,0x00000000ec280000)
  to   space 4096K, 0% used [0x00000000eba80000,0x00000000eba80000,0x00000000ebe80000)
 ParOldGen       total 111104K, used 110644K [0x00000000c0000000, 0x00000000c6c80000, 0x00000000eab00000)
  object space 111104K, 99% used [0x00000000c0000000,0x00000000c6c0d0c8,0x00000000c6c80000)
 Metaspace       used 72984K, committed 74560K, reserved 1179648K
  class space    used 7445K, committed 8128K, reserved 1048576K
}
Event: 46.765 GC heap after
{Heap after GC invocations=96 (full 3):
 PSYoungGen      total 19456K, used 416K [0x00000000eab00000, 0x00000000ec000000, 0x0000000100000000)
  eden space 15360K, 0% used [0x00000000eab00000,0x00000000eab00000,0x00000000eba00000)
  from space 4096K, 10% used [0x00000000eba80000,0x00000000ebae8000,0x00000000ebe80000)
  to   space 1536K, 0% used [0x00000000ebe80000,0x00000000ebe80000,0x00000000ec000000)
 ParOldGen       total 113664K, used 113349K [0x00000000c0000000, 0x00000000c6f00000, 0x00000000eab00000)
  object space 113664K, 99% used [0x00000000c0000000,0x00000000c6eb1568,0x00000000c6f00000)
 Metaspace       used 72984K, committed 74560K, reserved 1179648K
  class space    used 7445K, committed 8128K, reserved 1048576K
}
Event: 47.285 GC heap before
{Heap before GC invocations=97 (full 3):
 PSYoungGen      total 19456K, used 15776K [0x00000000eab00000, 0x00000000ec000000, 0x0000000100000000)
  eden space 15360K, 100% used [0x00000000eab00000,0x00000000eba00000,0x00000000eba00000)
  from space 4096K, 10% used [0x00000000eba80000,0x00000000ebae8000,0x00000000ebe80000)
  to   space 1536K, 0% used [0x00000000ebe80000,0x00000000ebe80000,0x00000000ec000000)
 ParOldGen       total 113664K, used 113349K [0x00000000c0000000, 0x00000000c6f00000, 0x00000000eab00000)
  object space 113664K, 99% used [0x00000000c0000000,0x00000000c6eb1568,0x00000000c6f00000)
 Metaspace       used 73326K, committed 74880K, reserved 1179648K
  class space    used 7480K, committed 8192K, reserved 1048576K
}
Event: 47.290 GC heap after
{Heap after GC invocations=97 (full 3):
 PSYoungGen      total 16896K, used 1507K [0x00000000eab00000, 0x00000000ec100000, 0x0000000100000000)
  eden space 15360K, 0% used [0x00000000eab00000,0x00000000eab00000,0x00000000eba00000)
  from space 1536K, 98% used [0x00000000ebe80000,0x00000000ebff8ce0,0x00000000ec000000)
  to   space 3584K, 0% used [0x00000000eba00000,0x00000000eba00000,0x00000000ebd80000)
 ParOldGen       total 115200K, used 114935K [0x00000000c0000000, 0x00000000c7080000, 0x00000000eab00000)
  object space 115200K, 99% used [0x00000000c0000000,0x00000000c703dd70,0x00000000c7080000)
 Metaspace       used 73326K, committed 74880K, reserved 1179648K
  class space    used 7480K, committed 8192K, reserved 1048576K
}
Event: 47.991 GC heap before
{Heap before GC invocations=98 (full 3):
 PSYoungGen      total 16896K, used 16831K [0x00000000eab00000, 0x00000000ec100000, 0x0000000100000000)
  eden space 15360K, 99% used [0x00000000eab00000,0x00000000eb9f72d0,0x00000000eba00000)
  from space 1536K, 98% used [0x00000000ebe80000,0x00000000ebff8ce0,0x00000000ec000000)
  to   space 3584K, 0% used [0x00000000eba00000,0x00000000eba00000,0x00000000ebd80000)
 ParOldGen       total 115200K, used 114935K [0x00000000c0000000, 0x00000000c7080000, 0x00000000eab00000)
  object space 115200K, 99% used [0x00000000c0000000,0x00000000c703dd70,0x00000000c7080000)
 Metaspace       used 73628K, committed 75200K, reserved 1179648K
  class space    used 7497K, committed 8192K, reserved 1048576K
}
Event: 47.994 GC heap after
{Heap after GC invocations=98 (full 3):
 PSYoungGen      total 16896K, used 1228K [0x00000000eab00000, 0x00000000ebf00000, 0x0000000100000000)
  eden space 15360K, 0% used [0x00000000eab00000,0x00000000eab00000,0x00000000eba00000)
  from space 1536K, 79% used [0x00000000eba00000,0x00000000ebb33270,0x00000000ebb80000)
  to   space 2048K, 0% used [0x00000000ebd00000,0x00000000ebd00000,0x00000000ebf00000)
 ParOldGen       total 116224K, used 116061K [0x00000000c0000000, 0x00000000c7180000, 0x00000000eab00000)
  object space 116224K, 99% used [0x00000000c0000000,0x00000000c71575c8,0x00000000c7180000)
 Metaspace       used 73628K, committed 75200K, reserved 1179648K
  class space    used 7497K, committed 8192K, reserved 1048576K
}
Event: 48.683 GC heap before
{Heap before GC invocations=99 (full 3):
 PSYoungGen      total 16896K, used 16582K [0x00000000eab00000, 0x00000000ebf00000, 0x0000000100000000)
  eden space 15360K, 99% used [0x00000000eab00000,0x00000000eb9fe5e8,0x00000000eba00000)
  from space 1536K, 79% used [0x00000000eba00000,0x00000000ebb33270,0x00000000ebb80000)
  to   space 2048K, 0% used [0x00000000ebd00000,0x00000000ebd00000,0x00000000ebf00000)
 ParOldGen       total 116224K, used 116061K [0x00000000c0000000, 0x00000000c7180000, 0x00000000eab00000)
  object space 116224K, 99% used [0x00000000c0000000,0x00000000c71575c8,0x00000000c7180000)
 Metaspace       used 74192K, committed 75776K, reserved 1179648K
  class space    used 7553K, committed 8256K, reserved 1048576K
}
Event: 48.686 GC heap after
{Heap after GC invocations=99 (full 3):
 PSYoungGen      total 16384K, used 934K [0x00000000eab00000, 0x00000000ebe00000, 0x0000000100000000)
  eden space 15360K, 0% used [0x00000000eab00000,0x00000000eab00000,0x00000000eba00000)
  from space 1024K, 91% used [0x00000000ebd00000,0x00000000ebde99b8,0x00000000ebe00000)
  to   space 1536K, 0% used [0x00000000ebb00000,0x00000000ebb00000,0x00000000ebc80000)
 ParOldGen       total 117248K, used 117147K [0x00000000c0000000, 0x00000000c7280000, 0x00000000eab00000)
  object space 117248K, 99% used [0x00000000c0000000,0x00000000c7266e20,0x00000000c7280000)
 Metaspace       used 74192K, committed 75776K, reserved 1179648K
  class space    used 7553K, committed 8256K, reserved 1048576K
}
Event: 49.574 GC heap before
{Heap before GC invocations=100 (full 3):
 PSYoungGen      total 16384K, used 16294K [0x00000000eab00000, 0x00000000ebe00000, 0x0000000100000000)
  eden space 15360K, 100% used [0x00000000eab00000,0x00000000eba00000,0x00000000eba00000)
  from space 1024K, 91% used [0x00000000ebd00000,0x00000000ebde99b8,0x00000000ebe00000)
  to   space 1536K, 0% used [0x00000000ebb00000,0x00000000ebb00000,0x00000000ebc80000)
 ParOldGen       total 117248K, used 117147K [0x00000000c0000000, 0x00000000c7280000, 0x00000000eab00000)
  object space 117248K, 99% used [0x00000000c0000000,0x00000000c7266e20,0x00000000c7280000)
 Metaspace       used 74256K, committed 75840K, reserved 1179648K
  class space    used 7562K, committed 8256K, reserved 1048576K
}
Event: 49.578 GC heap after
{Heap after GC invocations=100 (full 3):
 PSYoungGen      total 16896K, used 896K [0x00000000eab00000, 0x00000000ebd80000, 0x0000000100000000)
  eden space 15360K, 0% used [0x00000000eab00000,0x00000000eab00000,0x00000000eba00000)
  from space 1536K, 58% used [0x00000000ebb00000,0x00000000ebbe0000,0x00000000ebc80000)
  to   space 1024K, 0% used [0x00000000ebc80000,0x00000000ebc80000,0x00000000ebd80000)
 ParOldGen       total 118272K, used 117838K [0x00000000c0000000, 0x00000000c7380000, 0x00000000eab00000)
  object space 118272K, 99% used [0x00000000c0000000,0x00000000c7313a68,0x00000000c7380000)
 Metaspace       used 74256K, committed 75840K, reserved 1179648K
  class space    used 7562K, committed 8256K, reserved 1048576K
}
Event: 50.937 GC heap before
{Heap before GC invocations=101 (full 3):
 PSYoungGen      total 16896K, used 16256K [0x00000000eab00000, 0x00000000ebd80000, 0x0000000100000000)
  eden space 15360K, 100% used [0x00000000eab00000,0x00000000eba00000,0x00000000eba00000)
  from space 1536K, 58% used [0x00000000ebb00000,0x00000000ebbe0000,0x00000000ebc80000)
  to   space 1024K, 0% used [0x00000000ebc80000,0x00000000ebc80000,0x00000000ebd80000)
 ParOldGen       total 118272K, used 117838K [0x00000000c0000000, 0x00000000c7380000, 0x00000000eab00000)
  object space 118272K, 99% used [0x00000000c0000000,0x00000000c7313a68,0x00000000c7380000)
 Metaspace       used 74978K, committed 76672K, reserved 1179648K
  class space    used 7631K, committed 8384K, reserved 1048576K
}
Event: 50.948 GC heap after
{Heap after GC invocations=101 (full 3):
 PSYoungGen      total 16384K, used 1019K [0x00000000eab00000, 0x00000000ebe00000, 0x0000000100000000)
  eden space 15360K, 0% used [0x00000000eab00000,0x00000000eab00000,0x00000000eba00000)
  from space 1024K, 99% used [0x00000000ebc80000,0x00000000ebd7ef98,0x00000000ebd80000)
  to   space 2048K, 0% used [0x00000000eba00000,0x00000000eba00000,0x00000000ebc00000)
 ParOldGen       total 118272K, used 118265K [0x00000000c0000000, 0x00000000c7380000, 0x00000000eab00000)
  object space 118272K, 99% used [0x00000000c0000000,0x00000000c737e680,0x00000000c7380000)
 Metaspace       used 74978K, committed 76672K, reserved 1179648K
  class space    used 7631K, committed 8384K, reserved 1048576K
}
Event: 51.613 GC heap before
{Heap before GC invocations=102 (full 3):
 PSYoungGen      total 16384K, used 16376K [0x00000000eab00000, 0x00000000ebe00000, 0x0000000100000000)
  eden space 15360K, 99% used [0x00000000eab00000,0x00000000eb9ff3c0,0x00000000eba00000)
  from space 1024K, 99% used [0x00000000ebc80000,0x00000000ebd7ef98,0x00000000ebd80000)
  to   space 2048K, 0% used [0x00000000eba00000,0x00000000eba00000,0x00000000ebc00000)
 ParOldGen       total 118272K, used 118265K [0x00000000c0000000, 0x00000000c7380000, 0x00000000eab00000)
  object space 118272K, 99% used [0x00000000c0000000,0x00000000c737e680,0x00000000c7380000)
 Metaspace       used 75050K, committed 76736K, reserved 1179648K
  class space    used 7631K, committed 8384K, reserved 1048576K
}
Event: 51.617 GC heap after
{Heap after GC invocations=102 (full 3):
 PSYoungGen      total 17408K, used 2035K [0x00000000eab00000, 0x00000000ec400000, 0x0000000100000000)
  eden space 15360K, 0% used [0x00000000eab00000,0x00000000eab00000,0x00000000eba00000)
  from space 2048K, 99% used [0x00000000eba00000,0x00000000ebbfcec0,0x00000000ebc00000)
  to   space 5120K, 0% used [0x00000000ebf00000,0x00000000ebf00000,0x00000000ec400000)
 ParOldGen       total 120832K, used 120711K [0x00000000c0000000, 0x00000000c7600000, 0x00000000eab00000)
  object space 120832K, 99% used [0x00000000c0000000,0x00000000c75e1f48,0x00000000c7600000)
 Metaspace       used 75050K, committed 76736K, reserved 1179648K
  class space    used 7631K, committed 8384K, reserved 1048576K
}
Event: 52.116 GC heap before
{Heap before GC invocations=103 (full 3):
 PSYoungGen      total 17408K, used 17395K [0x00000000eab00000, 0x00000000ec400000, 0x0000000100000000)
  eden space 15360K, 100% used [0x00000000eab00000,0x00000000eba00000,0x00000000eba00000)
  from space 2048K, 99% used [0x00000000eba00000,0x00000000ebbfcec0,0x00000000ebc00000)
  to   space 5120K, 0% used [0x00000000ebf00000,0x00000000ebf00000,0x00000000ec400000)
 ParOldGen       total 120832K, used 120711K [0x00000000c0000000, 0x00000000c7600000, 0x00000000eab00000)
  object space 120832K, 99% used [0x00000000c0000000,0x00000000c75e1f48,0x00000000c7600000)
 Metaspace       used 75050K, committed 76736K, reserved 1179648K
  class space    used 7631K, committed 8384K, reserved 1048576K
}
Event: 52.121 GC heap after
{Heap after GC invocations=103 (full 3):
 PSYoungGen      total 19456K, used 3712K [0x00000000eab00000, 0x00000000ec300000, 0x0000000100000000)
  eden space 15360K, 0% used [0x00000000eab00000,0x00000000eab00000,0x00000000eba00000)
  from space 4096K, 90% used [0x00000000ebf00000,0x00000000ec2a0158,0x00000000ec300000)
  to   space 4096K, 0% used [0x00000000ebb00000,0x00000000ebb00000,0x00000000ebf00000)
 ParOldGen       total 122880K, used 122619K [0x00000000c0000000, 0x00000000c7800000, 0x00000000eab00000)
  object space 122880K, 99% used [0x00000000c0000000,0x00000000c77bee48,0x00000000c7800000)
 Metaspace       used 75050K, committed 76736K, reserved 1179648K
  class space    used 7631K, committed 8384K, reserved 1048576K
}
Event: 52.506 GC heap before
{Heap before GC invocations=104 (full 3):
 PSYoungGen      total 19456K, used 19072K [0x00000000eab00000, 0x00000000ec300000, 0x0000000100000000)
  eden space 15360K, 100% used [0x00000000eab00000,0x00000000eba00000,0x00000000eba00000)
  from space 4096K, 90% used [0x00000000ebf00000,0x00000000ec2a0158,0x00000000ec300000)
  to   space 4096K, 0% used [0x00000000ebb00000,0x00000000ebb00000,0x00000000ebf00000)
 ParOldGen       total 122880K, used 122619K [0x00000000c0000000, 0x00000000c7800000, 0x00000000eab00000)
  object space 122880K, 99% used [0x00000000c0000000,0x00000000c77bee48,0x00000000c7800000)
 Metaspace       used 75051K, committed 76736K, reserved 1179648K
  class space    used 7631K, committed 8384K, reserved 1048576K
}
Event: 52.511 GC heap after
{Heap after GC invocations=104 (full 3):
 PSYoungGen      total 18944K, used 3240K [0x00000000eab00000, 0x00000000ec100000, 0x0000000100000000)
  eden space 15360K, 0% used [0x00000000eab00000,0x00000000eab00000,0x00000000eba00000)
  from space 3584K, 90% used [0x00000000ebb00000,0x00000000ebe2a3e0,0x00000000ebe80000)
  to   space 2560K, 0% used [0x00000000ebe80000,0x00000000ebe80000,0x00000000ec100000)
 ParOldGen       total 126464K, used 126099K [0x00000000c0000000, 0x00000000c7b80000, 0x00000000eab00000)
  object space 126464K, 99% used [0x00000000c0000000,0x00000000c7b24c68,0x00000000c7b80000)
 Metaspace       used 75051K, committed 76736K, reserved 1179648K
  class space    used 7631K, committed 8384K, reserved 1048576K
}
Event: 52.791 GC heap before
{Heap before GC invocations=105 (full 3):
 PSYoungGen      total 18944K, used 18600K [0x00000000eab00000, 0x00000000ec100000, 0x0000000100000000)
  eden space 15360K, 100% used [0x00000000eab00000,0x00000000eba00000,0x00000000eba00000)
  from space 3584K, 90% used [0x00000000ebb00000,0x00000000ebe2a3e0,0x00000000ebe80000)
  to   space 2560K, 0% used [0x00000000ebe80000,0x00000000ebe80000,0x00000000ec100000)
 ParOldGen       total 126464K, used 126099K [0x00000000c0000000, 0x00000000c7b80000, 0x00000000eab00000)
  object space 126464K, 99% used [0x00000000c0000000,0x00000000c7b24c68,0x00000000c7b80000)
 Metaspace       used 75051K, committed 76736K, reserved 1179648K
  class space    used 7631K, committed 8384K, reserved 1048576K
}
Event: 52.796 GC heap after
{Heap after GC invocations=105 (full 3):
 PSYoungGen      total 17920K, used 2549K [0x00000000eab00000, 0x00000000ec100000, 0x0000000100000000)
  eden space 15360K, 0% used [0x00000000eab00000,0x00000000eab00000,0x00000000eba00000)
  from space 2560K, 99% used [0x00000000ebe80000,0x00000000ec0fd638,0x00000000ec100000)
  to   space 3584K, 0% used [0x00000000ebb00000,0x00000000ebb00000,0x00000000ebe80000)
 ParOldGen       total 130560K, used 130098K [0x00000000c0000000, 0x00000000c7f80000, 0x00000000eab00000)
  object space 130560K, 99% used [0x00000000c0000000,0x00000000c7f0c8a0,0x00000000c7f80000)
 Metaspace       used 75051K, committed 76736K, reserved 1179648K
  class space    used 7631K, committed 8384K, reserved 1048576K
}

